
ROM used:   643/8192 (8%)
            643/8192 (8%) including unused fragments

            0.5 Average locations per line
            3.4 Average locations per statement

RAM used:   19/368 (5%) at main() level
            23/368 (6%) worst case

Stack used: 2 worst case (2 in main + 0 for interrupts)
Stack size: 8

Lines Stmts  %   Files
----- ----- ---  -----
   78    37  19  PRXdevice.c
  674     0   0  ..\..\..\..\..\Program Files (x86)\PICC\Devices\16f877a.h
   20     8   4  Functions.c
  335   146  76  my_nrf.c
   87     0   0  my_nrf.h
----- -----
 1194   191 Total

Page ROM  %  RAM    Vol Diff  Functions:
---- --- --- ---    --- ----  ----------
0     21   3    1             @delay_ms1
0     18   3    0     48  1.1  pulse_CSN
0     20   3    1     84  1.7  RX_config
0     20   3    1     84  1.7  Enhanced_Shockburst
0     20   3    1     84  1.7  RX_addresses
0     20   3    1     84  1.7  address_width
0     20   3    1     84  1.7  Auto_retransmit
0     20   3    1     84  1.7  RF_channel
0     20   3    1     84  1.7  RF_set
0     18   3    1     84  1.7  write_STATUS
 Inline         1    117  2.6  read_STATUS
0     43   7    5    214  5.3  write_RX_ADDR
0     43   7    5    214  5.3  write_TX_ADDR
0     20   3    3    104  2.5  write_num_of_points
0     70  11    5    380  5.3  read_payload
0     20   3    1     84  1.7  write_feature
0     20   3    1     84  1.7  write_dynp
0     11   2    0     38  1.0  flushrx
0     10   2    0     27  0.9  rf_init
0     38   6    1     78  2.9  RX_DR
0    167  26    1   1211  5.4  MAIN
 Inline         0             @cinit1

Program metrics:
    Functions               20
    Statements              191
    Comments                161
    Volume (V)              5807
    Difficulty (D)          50.2
    Effort to implement (E) 291735
    Time to implement (T)   4 hours, 30 minutes
    Est Delivered Bugs (B)  1
    Cyclomatic Complexity   8
    Maintainability (MI)    57

 Segment     Used  Free
-----------  ----  ----
00000-00003     4  0  
00004-007FF   639  1405  
00800-00FFF     0  2048  
01000-017FF     0  2048  
01800-01FFF     0  2048  



