CCS PCM C Compiler, Version 5.070, 56587               27-Eyl-19 18:27

               Filename:   C:\Users\omeru\Desktop\SPI Example nRF\PTXdevice.lst

               ROM used:   27 words (0%)
                           Largest free fragment is 2048
               RAM used:   10 (3%) at main() level
                           10 (3%) worst case
               Stack used: 0 locations
               Stack size: 8

*
0000:  MOVLW  00
0001:  MOVWF  0A
0002:  GOTO   004
0003:  NOP
.................... #include <16f877a.h> 
.................... //////////// Standard Header file for the PIC16F877A device //////////////// 
.................... /////////////////////////////////////////////////////////////////////////// 
.................... ////        (C) Copyright 1996, 2014 Custom Computer Services          //// 
.................... //// This source code may only be used by licensed users of the CCS C  //// 
.................... //// compiler.  This source code may only be distributed to other      //// 
.................... //// licensed users of the CCS C compiler.  No other use, reproduction //// 
.................... //// or distribution is permitted without written permission.          //// 
.................... //// Derivative programs created using this software in object code    //// 
.................... //// form are not restricted in any way.                               //// 
.................... /////////////////////////////////////////////////////////////////////////// 
.................... #device PIC16F877A 
....................  
.................... #list 
....................  
.................... #use delay(crystal=16MHz) 
.................... #FUSES PUT                      //Power Up Timer 
.................... #FUSES NOBROWNOUT               //No brownout reset 
.................... #FUSES NOLVP                    //No low voltage prgming, B3(PIC16) or B5(PIC18) used for I/O 
.................... #FUSES NOCPD                    //No EE protection 
.................... #FUSES NOWRT                    //Program memory not write protected 
.................... #FUSES NOPROTECT                //Code not protected from reading 
....................  
.................... #define CE pin_c0  
.................... #define CSN pin_c1  
.................... #define IRQ pin_c2 
....................  
.................... #define trisd *((unsigned int*)0x88) 
.................... #define portd ((unsigned int*)0x08) 
....................  
.................... unsigned RX_addrr_p0[]={0xB3, 0xB4, 0xB5, 0xB6, 0x05}; 
*
000F:  MOVLW  B3
0010:  BCF    03.5
0011:  MOVWF  20
0012:  MOVLW  B4
0013:  MOVWF  21
0014:  MOVLW  B5
0015:  MOVWF  22
0016:  MOVLW  B6
0017:  MOVWF  23
0018:  MOVLW  05
0019:  MOVWF  24
....................  
.................... void data() 
.................... { 
....................    for(int i=0;i<5;i++) 
....................    { 
....................       *portd=(RX_addrr_p0[i]); 
....................    } 
.................... } 
....................  
.................... void main() 
*
0004:  MOVF   03,W
0005:  ANDLW  1F
0006:  MOVWF  03
0007:  BSF    03.5
0008:  BSF    1F.0
0009:  BSF    1F.1
000A:  BSF    1F.2
000B:  BCF    1F.3
000C:  MOVLW  07
000D:  MOVWF  1C
000E:  BCF    03.7
.................... { 
.................... } 
*
001A:  SLEEP

Configuration Fuses:
   Word  1: 3F32   HS NOWDT PUT NOBROWNOUT NOLVP NOCPD NOWRT NODEBUG NOPROTECT
